<?xml version="1.0" encoding="UTF-8"?>
<!-- Generated by org.testng.reporters.JUnitXMLReporter -->
<testsuite ignored="2" hostname="LAPTOP-43BFCA24" failures="0" tests="4" name="TestNG Assignment - Test 1" time="0.057" errors="0" timestamp="2020-07-01T18:12:02 AST">
  <testcase classname="com.assignments.assignment1" name="testExponent" time="0.01"/>
  <testcase classname="com.assignments.assignment1" name="testMultiply" time="0.009"/>
  <testcase classname="com.assignments.assignment1" name="testExponent" time="0.004"/>
  <testcase classname="com.assignments.assignment1" name="testExponent" time="0.002"/>
  <testcase classname="com.assignments.assignment1" name="testAdd" time="0.0">
    <ignored/>
  </testcase> <!-- testAdd -->
  <testcase classname="com.assignments.assignment1" name="testDivide" time="0.0">
    <ignored/>
  </testcase> <!-- testDivide -->
</testsuite> <!-- TestNG Assignment - Test 1 -->
