<?xml version="1.0" encoding="UTF-8"?>
<!-- Generated by org.testng.reporters.JUnitXMLReporter -->
<testsuite ignored="5" hostname="LAPTOP-43BFCA24" failures="0" tests="12" name="TestNG Assignment - Test 1" time="0.076" errors="0" timestamp="2020-07-03T02:22:16 AST">
  <testcase classname="com.assignments.assignment1" name="calcDivInt" time="0.015"/>
  <testcase classname="com.assignments.assignment1" name="calcDivReal" time="0.016"/>
  <testcase classname="com.assignments.assignment1" name="calcDivInt" time="0.002"/>
  <testcase classname="com.assignments.assignment1" name="calcDivReal" time="0.002"/>
  <testcase classname="com.assignments.assignment1" name="calcDivInt" time="0.002"/>
  <testcase classname="com.assignments.assignment1" name="calcDivReal" time="0.002"/>
  <testcase classname="com.assignments.assignment1" name="calcSubraction" time="0.002"/>
  <testcase classname="com.assignments.assignment1" name="calcMultiplication" time="0.003"/>
  <testcase classname="com.assignments.assignment1" name="calcSubraction" time="0.002"/>
  <testcase classname="com.assignments.assignment1" name="calcMultiplication" time="0.002"/>
  <testcase classname="com.assignments.assignment1" name="calcSubraction" time="0.001"/>
  <testcase classname="com.assignments.assignment1" name="calcMultiplication" time="0.002"/>
  <testcase classname="com.assignments.assignment1" name="calcInverse" time="0.0">
    <ignored/>
  </testcase> <!-- calcInverse -->
  <testcase classname="com.assignments.assignment1" name="calcModulus" time="0.0">
    <ignored/>
  </testcase> <!-- calcModulus -->
  <testcase classname="com.assignments.assignment1" name="calcExponent" time="0.0">
    <ignored/>
  </testcase> <!-- calcExponent -->
  <testcase classname="com.assignments.assignment1" name="calcAddition" time="0.0">
    <ignored/>
  </testcase> <!-- calcAddition -->
  <testcase classname="com.assignments.assignment1" name="calcNegate" time="0.0">
    <ignored/>
  </testcase> <!-- calcNegate -->
</testsuite> <!-- TestNG Assignment - Test 1 -->
