<?xml version="1.0" encoding="UTF-8"?>
<!-- Generated by org.testng.reporters.JUnitXMLReporter -->
<testsuite ignored="5" hostname="LAPTOP-43BFCA24" failures="0" tests="9" name="TestNG Assignment - Test 2" time="0.011" errors="0" timestamp="2020-07-03T02:59:57 AST">
  <testcase classname="com.assignments.assignment1" name="calcExponent" time="0.001"/>
  <testcase classname="com.assignments.assignment1" name="calcInverse" time="0.001"/>
  <testcase classname="com.assignments.assignment1" name="calcExponent" time="0.0"/>
  <testcase classname="com.assignments.assignment1" name="calcInverse" time="0.001"/>
  <testcase classname="com.assignments.assignment1" name="calcExponent" time="0.001"/>
  <testcase classname="com.assignments.assignment1" name="calcInverse" time="0.0"/>
  <testcase classname="com.assignments.assignment1" name="calcModulus" time="0.001"/>
  <testcase classname="com.assignments.assignment1" name="calcModulus" time="0.001"/>
  <testcase classname="com.assignments.assignment1" name="calcModulus" time="0.001"/>
  <testcase classname="com.assignments.assignment1" name="calcDivReal" time="0.0">
    <ignored/>
  </testcase> <!-- calcDivReal -->
  <testcase classname="com.assignments.assignment1" name="calcAddition" time="0.0">
    <ignored/>
  </testcase> <!-- calcAddition -->
  <testcase classname="com.assignments.assignment1" name="calcMultiplication" time="0.0">
    <ignored/>
  </testcase> <!-- calcMultiplication -->
  <testcase classname="com.assignments.assignment1" name="calcSubraction" time="0.0">
    <ignored/>
  </testcase> <!-- calcSubraction -->
  <testcase classname="com.assignments.assignment1" name="calcNegate" time="0.0">
    <ignored/>
  </testcase> <!-- calcNegate -->
</testsuite> <!-- TestNG Assignment - Test 2 -->
