<?xml version="1.0" encoding="UTF-8"?>
<!-- Generated by org.testng.reporters.JUnitXMLReporter -->
<testsuite ignored="2" hostname="LAPTOP-43BFCA24" failures="0" tests="2" name="TestNG Assignment - Test 2" time="0.006" errors="0" timestamp="2020-07-02T16:35:52 AST">
  <testcase classname="com.assignments.assignment1" name="testAdd" time="0.001"/>
  <testcase classname="com.assignments.assignment1" name="testDivide" time="0.002"/>
  <testcase classname="com.assignments.assignment1" name="testMultiply" time="0.0">
    <ignored/>
  </testcase> <!-- testMultiply -->
  <testcase classname="com.assignments.assignment1" name="testExponent" time="0.0">
    <ignored/>
  </testcase> <!-- testExponent -->
</testsuite> <!-- TestNG Assignment - Test 2 -->
