<?xml version="1.0" encoding="UTF-8"?>
<testng-results ignored="10" total="28" passed="18" failed="0" skipped="0">
  <reporter-output>
    <line>
      <![CDATA[Actual - 2 Expected - 2]]>
    </line>
    <line>
      <![CDATA[Actual - 2.0 Expected - 22.0]]>
    </line>
    <line>
      <![CDATA[Actual - 1.0 Expected - 221.0]]>
    </line>
    <line>
      <![CDATA[Actual - 6 Expected - 6]]>
    </line>
    <line>
      <![CDATA[Actual - 3.0 Expected - 23.0]]>
    </line>
    <line>
      <![CDATA[Actual - 36 Expected - 36]]>
    </line>
    <line>
      <![CDATA[Actual - -1 Expected - -1]]>
    </line>
    <line>
      <![CDATA[Actual - 1 Expected - 1]]>
    </line>
    <line>
      <![CDATA[Actual - 0 Expected - 0]]>
    </line>
    <line>
      <![CDATA[Actual - 16.0 Expected - 16.0]]>
    </line>
    <line>
      <![CDATA[Actual - 0.25 Expected - 32.0]]>
    </line>
    <line>
      <![CDATA[Actual - 27.0 Expected - 27.0]]>
    </line>
    <line>
      <![CDATA[Actual - 0.3333333333333333 Expected - 33.0]]>
    </line>
    <line>
      <![CDATA[Actual - 25.0 Expected - 25.0]]>
    </line>
    <line>
      <![CDATA[Actual - 0.2 Expected - 32.0]]>
    </line>
    <line>
      <![CDATA[Actual - 0 Expected - 0]]>
    </line>
    <line>
      <![CDATA[Actual - 0 Expected - 0]]>
    </line>
    <line>
      <![CDATA[Actual - 0 Expected - 0]]>
    </line>
  </reporter-output>
  <suite started-at="2020-07-03T03:15:49 AST" name="Assignment" finished-at="2020-07-03T03:15:49 AST" duration-ms="137">
    <groups>
      <group name="Basic">
        <method signature="assignment1.calcDivReal(int, int, double)[pri:0, instance:com.assignments.assignment1@223f3642]" name="calcDivReal" class="com.assignments.assignment1"/>
        <method signature="assignment1.calcMultiplication(int, int, int)[pri:0, instance:com.assignments.assignment1@223f3642]" name="calcMultiplication" class="com.assignments.assignment1"/>
        <method signature="assignment1.calcSubraction(int, int, int)[pri:0, instance:com.assignments.assignment1@223f3642]" name="calcSubraction" class="com.assignments.assignment1"/>
      </group> <!-- Basic -->
      <group name="Scientific">
        <method signature="assignment1.calcExponent(double, double, double)[pri:0, instance:com.assignments.assignment1@6b26e945]" name="calcExponent" class="com.assignments.assignment1"/>
        <method signature="assignment1.calcInverse(int, double)[pri:0, instance:com.assignments.assignment1@6b26e945]" name="calcInverse" class="com.assignments.assignment1"/>
        <method signature="assignment1.calcModulus(int, int, int)[pri:0, instance:com.assignments.assignment1@6b26e945]" name="calcModulus" class="com.assignments.assignment1"/>
      </group> <!-- Scientific -->
    </groups>
    <test started-at="2020-07-03T03:15:49 AST" name="TestNG Assignment - Test 1" finished-at="2020-07-03T03:15:49 AST" duration-ms="73">
      <class name="com.assignments.assignment1">
        <test-method signature="calcDivReal(int, int, double)[pri:0, instance:com.assignments.assignment1@223f3642]" started-at="2020-07-03T03:15:49 AST" name="calcDivReal" data-provider="divRealData" finished-at="2020-07-03T03:15:49 AST" duration-ms="17" status="PASS">
          <params>
            <param index="0">
              <value>
                <![CDATA[4]]>
              </value>
            </param>
            <param index="1">
              <value>
                <![CDATA[2]]>
              </value>
            </param>
            <param index="2">
              <value>
                <![CDATA[22.0]]>
              </value>
            </param>
          </params>
          <reporter-output>
            <line>
              <![CDATA[Actual - 2.0 Expected - 22.0]]>
            </line>
          </reporter-output>
        </test-method> <!-- calcDivReal -->
        <test-method signature="calcMultiplication(int, int, int)[pri:0, instance:com.assignments.assignment1@223f3642]" started-at="2020-07-03T03:15:49 AST" name="calcMultiplication" data-provider="multiplyData" finished-at="2020-07-03T03:15:49 AST" duration-ms="17" status="PASS">
          <params>
            <param index="0">
              <value>
                <![CDATA[1]]>
              </value>
            </param>
            <param index="1">
              <value>
                <![CDATA[2]]>
              </value>
            </param>
            <param index="2">
              <value>
                <![CDATA[2]]>
              </value>
            </param>
          </params>
          <reporter-output>
            <line>
              <![CDATA[Actual - 2 Expected - 2]]>
            </line>
          </reporter-output>
        </test-method> <!-- calcMultiplication -->
        <test-method signature="calcDivReal(int, int, double)[pri:0, instance:com.assignments.assignment1@223f3642]" started-at="2020-07-03T03:15:49 AST" name="calcDivReal" data-provider="divRealData" finished-at="2020-07-03T03:15:49 AST" duration-ms="2" status="PASS">
          <params>
            <param index="0">
              <value>
                <![CDATA[3]]>
              </value>
            </param>
            <param index="1">
              <value>
                <![CDATA[3]]>
              </value>
            </param>
            <param index="2">
              <value>
                <![CDATA[221.0]]>
              </value>
            </param>
          </params>
          <reporter-output>
            <line>
              <![CDATA[Actual - 1.0 Expected - 221.0]]>
            </line>
          </reporter-output>
        </test-method> <!-- calcDivReal -->
        <test-method signature="calcMultiplication(int, int, int)[pri:0, instance:com.assignments.assignment1@223f3642]" started-at="2020-07-03T03:15:49 AST" name="calcMultiplication" data-provider="multiplyData" finished-at="2020-07-03T03:15:49 AST" duration-ms="3" status="PASS">
          <params>
            <param index="0">
              <value>
                <![CDATA[3]]>
              </value>
            </param>
            <param index="1">
              <value>
                <![CDATA[2]]>
              </value>
            </param>
            <param index="2">
              <value>
                <![CDATA[6]]>
              </value>
            </param>
          </params>
          <reporter-output>
            <line>
              <![CDATA[Actual - 6 Expected - 6]]>
            </line>
          </reporter-output>
        </test-method> <!-- calcMultiplication -->
        <test-method signature="calcDivReal(int, int, double)[pri:0, instance:com.assignments.assignment1@223f3642]" started-at="2020-07-03T03:15:49 AST" name="calcDivReal" data-provider="divRealData" finished-at="2020-07-03T03:15:49 AST" duration-ms="2" status="PASS">
          <params>
            <param index="0">
              <value>
                <![CDATA[15]]>
              </value>
            </param>
            <param index="1">
              <value>
                <![CDATA[5]]>
              </value>
            </param>
            <param index="2">
              <value>
                <![CDATA[23.0]]>
              </value>
            </param>
          </params>
          <reporter-output>
            <line>
              <![CDATA[Actual - 3.0 Expected - 23.0]]>
            </line>
          </reporter-output>
        </test-method> <!-- calcDivReal -->
        <test-method signature="calcMultiplication(int, int, int)[pri:0, instance:com.assignments.assignment1@223f3642]" started-at="2020-07-03T03:15:49 AST" name="calcMultiplication" data-provider="multiplyData" finished-at="2020-07-03T03:15:49 AST" duration-ms="2" status="PASS">
          <params>
            <param index="0">
              <value>
                <![CDATA[6]]>
              </value>
            </param>
            <param index="1">
              <value>
                <![CDATA[6]]>
              </value>
            </param>
            <param index="2">
              <value>
                <![CDATA[36]]>
              </value>
            </param>
          </params>
          <reporter-output>
            <line>
              <![CDATA[Actual - 36 Expected - 36]]>
            </line>
          </reporter-output>
        </test-method> <!-- calcMultiplication -->
        <test-method signature="calcSubraction(int, int, int)[pri:0, instance:com.assignments.assignment1@223f3642]" started-at="2020-07-03T03:15:49 AST" name="calcSubraction" data-provider="subractionData" finished-at="2020-07-03T03:15:49 AST" duration-ms="1" status="PASS">
          <params>
            <param index="0">
              <value>
                <![CDATA[1]]>
              </value>
            </param>
            <param index="1">
              <value>
                <![CDATA[2]]>
              </value>
            </param>
            <param index="2">
              <value>
                <![CDATA[-1]]>
              </value>
            </param>
          </params>
          <reporter-output>
            <line>
              <![CDATA[Actual - -1 Expected - -1]]>
            </line>
          </reporter-output>
        </test-method> <!-- calcSubraction -->
        <test-method signature="calcSubraction(int, int, int)[pri:0, instance:com.assignments.assignment1@223f3642]" started-at="2020-07-03T03:15:49 AST" name="calcSubraction" data-provider="subractionData" finished-at="2020-07-03T03:15:49 AST" duration-ms="1" status="PASS">
          <params>
            <param index="0">
              <value>
                <![CDATA[3]]>
              </value>
            </param>
            <param index="1">
              <value>
                <![CDATA[2]]>
              </value>
            </param>
            <param index="2">
              <value>
                <![CDATA[1]]>
              </value>
            </param>
          </params>
          <reporter-output>
            <line>
              <![CDATA[Actual - 1 Expected - 1]]>
            </line>
          </reporter-output>
        </test-method> <!-- calcSubraction -->
        <test-method signature="calcSubraction(int, int, int)[pri:0, instance:com.assignments.assignment1@223f3642]" started-at="2020-07-03T03:15:49 AST" name="calcSubraction" data-provider="subractionData" finished-at="2020-07-03T03:15:49 AST" duration-ms="1" status="PASS">
          <params>
            <param index="0">
              <value>
                <![CDATA[6]]>
              </value>
            </param>
            <param index="1">
              <value>
                <![CDATA[6]]>
              </value>
            </param>
            <param index="2">
              <value>
                <![CDATA[0]]>
              </value>
            </param>
          </params>
          <reporter-output>
            <line>
              <![CDATA[Actual - 0 Expected - 0]]>
            </line>
          </reporter-output>
        </test-method> <!-- calcSubraction -->
      </class> <!-- com.assignments.assignment1 -->
    </test> <!-- TestNG Assignment - Test 1 -->
    <test started-at="2020-07-03T03:15:49 AST" name="TestNG Assignment - Test 2" finished-at="2020-07-03T03:15:49 AST" duration-ms="12">
      <class name="com.assignments.assignment1">
        <test-method signature="calcExponent(double, double, double)[pri:0, instance:com.assignments.assignment1@6b26e945]" started-at="2020-07-03T03:15:49 AST" name="calcExponent" data-provider="exponentData" finished-at="2020-07-03T03:15:49 AST" duration-ms="1" status="PASS">
          <params>
            <param index="0">
              <value>
                <![CDATA[4]]>
              </value>
            </param>
            <param index="1">
              <value>
                <![CDATA[2]]>
              </value>
            </param>
            <param index="2">
              <value>
                <![CDATA[16]]>
              </value>
            </param>
          </params>
          <reporter-output>
            <line>
              <![CDATA[Actual - 16.0 Expected - 16.0]]>
            </line>
          </reporter-output>
        </test-method> <!-- calcExponent -->
        <test-method signature="calcInverse(int, double)[pri:0, instance:com.assignments.assignment1@6b26e945]" started-at="2020-07-03T03:15:49 AST" name="calcInverse" data-provider="inverseData" finished-at="2020-07-03T03:15:49 AST" duration-ms="2" status="PASS">
          <params>
            <param index="0">
              <value>
                <![CDATA[4]]>
              </value>
            </param>
            <param index="1">
              <value>
                <![CDATA[32]]>
              </value>
            </param>
          </params>
          <reporter-output>
            <line>
              <![CDATA[Actual - 0.25 Expected - 32.0]]>
            </line>
          </reporter-output>
        </test-method> <!-- calcInverse -->
        <test-method signature="calcExponent(double, double, double)[pri:0, instance:com.assignments.assignment1@6b26e945]" started-at="2020-07-03T03:15:49 AST" name="calcExponent" data-provider="exponentData" finished-at="2020-07-03T03:15:49 AST" duration-ms="0" status="PASS">
          <params>
            <param index="0">
              <value>
                <![CDATA[3]]>
              </value>
            </param>
            <param index="1">
              <value>
                <![CDATA[3]]>
              </value>
            </param>
            <param index="2">
              <value>
                <![CDATA[27]]>
              </value>
            </param>
          </params>
          <reporter-output>
            <line>
              <![CDATA[Actual - 27.0 Expected - 27.0]]>
            </line>
          </reporter-output>
        </test-method> <!-- calcExponent -->
        <test-method signature="calcExponent(double, double, double)[pri:0, instance:com.assignments.assignment1@6b26e945]" started-at="2020-07-03T03:15:49 AST" name="calcExponent" data-provider="exponentData" finished-at="2020-07-03T03:15:49 AST" duration-ms="1" status="PASS">
          <params>
            <param index="0">
              <value>
                <![CDATA[5]]>
              </value>
            </param>
            <param index="1">
              <value>
                <![CDATA[2]]>
              </value>
            </param>
            <param index="2">
              <value>
                <![CDATA[25]]>
              </value>
            </param>
          </params>
          <reporter-output>
            <line>
              <![CDATA[Actual - 25.0 Expected - 25.0]]>
            </line>
          </reporter-output>
        </test-method> <!-- calcExponent -->
        <test-method signature="calcInverse(int, double)[pri:0, instance:com.assignments.assignment1@6b26e945]" started-at="2020-07-03T03:15:49 AST" name="calcInverse" data-provider="inverseData" finished-at="2020-07-03T03:15:49 AST" duration-ms="1" status="PASS">
          <params>
            <param index="0">
              <value>
                <![CDATA[3]]>
              </value>
            </param>
            <param index="1">
              <value>
                <![CDATA[33]]>
              </value>
            </param>
          </params>
          <reporter-output>
            <line>
              <![CDATA[Actual - 0.3333333333333333 Expected - 33.0]]>
            </line>
          </reporter-output>
        </test-method> <!-- calcInverse -->
        <test-method signature="calcInverse(int, double)[pri:0, instance:com.assignments.assignment1@6b26e945]" started-at="2020-07-03T03:15:49 AST" name="calcInverse" data-provider="inverseData" finished-at="2020-07-03T03:15:49 AST" duration-ms="1" status="PASS">
          <params>
            <param index="0">
              <value>
                <![CDATA[5]]>
              </value>
            </param>
            <param index="1">
              <value>
                <![CDATA[32]]>
              </value>
            </param>
          </params>
          <reporter-output>
            <line>
              <![CDATA[Actual - 0.2 Expected - 32.0]]>
            </line>
          </reporter-output>
        </test-method> <!-- calcInverse -->
        <test-method signature="calcModulus(int, int, int)[pri:0, instance:com.assignments.assignment1@6b26e945]" started-at="2020-07-03T03:15:49 AST" name="calcModulus" data-provider="modulusData" finished-at="2020-07-03T03:15:49 AST" duration-ms="1" status="PASS">
          <params>
            <param index="0">
              <value>
                <![CDATA[4]]>
              </value>
            </param>
            <param index="1">
              <value>
                <![CDATA[2]]>
              </value>
            </param>
            <param index="2">
              <value>
                <![CDATA[0]]>
              </value>
            </param>
          </params>
          <reporter-output>
            <line>
              <![CDATA[Actual - 0 Expected - 0]]>
            </line>
          </reporter-output>
        </test-method> <!-- calcModulus -->
        <test-method signature="calcModulus(int, int, int)[pri:0, instance:com.assignments.assignment1@6b26e945]" started-at="2020-07-03T03:15:49 AST" name="calcModulus" data-provider="modulusData" finished-at="2020-07-03T03:15:49 AST" duration-ms="0" status="PASS">
          <params>
            <param index="0">
              <value>
                <![CDATA[3]]>
              </value>
            </param>
            <param index="1">
              <value>
                <![CDATA[3]]>
              </value>
            </param>
            <param index="2">
              <value>
                <![CDATA[0]]>
              </value>
            </param>
          </params>
          <reporter-output>
            <line>
              <![CDATA[Actual - 0 Expected - 0]]>
            </line>
          </reporter-output>
        </test-method> <!-- calcModulus -->
        <test-method signature="calcModulus(int, int, int)[pri:0, instance:com.assignments.assignment1@6b26e945]" started-at="2020-07-03T03:15:49 AST" name="calcModulus" data-provider="modulusData" finished-at="2020-07-03T03:15:49 AST" duration-ms="0" status="PASS">
          <params>
            <param index="0">
              <value>
                <![CDATA[10]]>
              </value>
            </param>
            <param index="1">
              <value>
                <![CDATA[2]]>
              </value>
            </param>
            <param index="2">
              <value>
                <![CDATA[0]]>
              </value>
            </param>
          </params>
          <reporter-output>
            <line>
              <![CDATA[Actual - 0 Expected - 0]]>
            </line>
          </reporter-output>
        </test-method> <!-- calcModulus -->
      </class> <!-- com.assignments.assignment1 -->
    </test> <!-- TestNG Assignment - Test 2 -->
  </suite> <!-- Assignment -->
</testng-results>
